\BOOKMARK [1][-]{section.1}{Introduction}{}% 1
\BOOKMARK [2][-]{subsection.1.1}{Project Objectives}{section.1}% 2
\BOOKMARK [2][-]{subsection.1.2}{Project Motivation}{section.1}% 3
\BOOKMARK [1][-]{section.2}{Related Work}{}% 4
\BOOKMARK [1][-]{section.3}{Data Collection}{}% 5
\BOOKMARK [1][-]{section.4}{Methods}{}% 6
\BOOKMARK [1][-]{section.5}{Application Implementation}{}% 7
\BOOKMARK [2][-]{subsection.5.1}{Global File}{section.5}% 8
\BOOKMARK [2][-]{subsection.5.2}{UI File}{section.5}% 9
\BOOKMARK [2][-]{subsection.5.3}{Server File}{section.5}% 10
\BOOKMARK [1][-]{section.6}{Application Interface}{}% 11
\BOOKMARK [2][-]{subsection.6.1}{Interactive Map}{section.6}% 12
\BOOKMARK [2][-]{subsection.6.2}{Other secondary features}{section.6}% 13
\BOOKMARK [1][-]{section.7}{Results}{}% 14
\BOOKMARK [2][-]{subsection.7.1}{Exploratory Data Analysis}{section.7}% 15
\BOOKMARK [2][-]{subsection.7.2}{Accessibility Boxplots}{section.7}% 16
\BOOKMARK [2][-]{subsection.7.3}{Distance}{section.7}% 17
\BOOKMARK [2][-]{subsection.7.4}{Duration}{section.7}% 18
\BOOKMARK [2][-]{subsection.7.5}{Map}{section.7}% 19
\BOOKMARK [1][-]{section.8}{Discussion}{}% 20
\BOOKMARK [1][-]{section.9}{Future Work}{}% 21
\BOOKMARK [2][-]{subsection.9.1}{Analysis}{section.9}% 22
\BOOKMARK [2][-]{subsection.9.2}{Application Customisation}{section.9}% 23
\BOOKMARK [2][-]{subsection.9.3}{Application Useability}{section.9}% 24
\BOOKMARK [1][-]{section.10}{Acknowledgement}{}% 25
\BOOKMARK [1][-]{section*.2}{References}{}% 26
